<?xml version="1.0" encoding="UTF-8" ?>
<testsuite errors="0" failures="0" hostname="milesmilos-Blade" name="javaapplication1.JavaApplication1Test" skipped="0" tests="5" time="0.041" timestamp="2021-10-26T01:50:57">
  <properties>
    <property name="libs.jsp-compiler.javadoc" value="" />
    <property name="libs.jakartaee-web-api-8.0.src" value="" />
    <property name="libs.graaljs.maven-pom" value="" />
    <property name="javac.test.classpath" value="/home/milesmilos/Downloads/json-simple-1.1.1.jar:build/classes:/snap/netbeans/50/netbeans/platform/modules/ext/hamcrest-core-1.3.jar:/snap/netbeans/50/netbeans/platform/modules/ext/junit-4.13.2.jar" />
    <property name="libs.jsf20.maven-pom" value="" />
    <property name="ant.library.dir" value="/usr/share/ant/lib" />
    <property name="ant.file.JavaApplication1-impl" value="/home/milesmilos/Documents/courses/SE330/Hello1/JavaApplication1/nbproject/build-impl.xml" />
    <property name="javac.test.sourcepath" value="/home/milesmilos/Documents/courses/SE330/Hello1/JavaApplication1/build/empty" />
    <property name="libs.spring-webmvc4.0.src" value="" />
    <property name="ant.core.lib" value="/usr/share/ant/lib/ant.jar" />
    <property name="javadoc.windowtitle" value="" />
    <property name="libs.jsp-compilation.javadoc" value="" />
    <property name="user.dir" value="/home/milesmilos/Documents/courses/SE330/Hello1/JavaApplication1" />
    <property name="libs.javaee-api-7.0.src" value="" />
    <property name="java.vm.version" value="25.231-b11" />
    <property name="platforms.JDK_8.compiler" value="modern" />
    <property name="libs.jakartaee-web-api-8.0.maven-pom" value="" />
    <property name="libs.eclipselinkmodelgen.src" value="" />
    <property name="jlink.additionalmodules" value="" />
    <property name="javadoc.notree" value="false" />
    <property name="libs.javaee-web-api-6.0.classpath" value="/snap/netbeans/50/netbeans/enterprise/modules/ext/javaee-web-api-6.0.jar" />
    <property name="ant.file.JavaApplication1" value="/home/milesmilos/Documents/courses/SE330/Hello1/JavaApplication1/build.xml" />
    <property name="javac.profile.cmd.line.arg" value="" />
    <property name="javadoc.noindex" value="false" />
    <property name="sun.os.patch.level" value="unknown" />
    <property name="do.archive+manifest.available" value="true" />
    <property name="java.vm.specification.name" value="Java Virtual Machine Specification" />
    <property name="have.tests" value="true" />
    <property name="libs.hamcrest.classpath" value="/snap/netbeans/50/netbeans/platform/modules/ext/hamcrest-core-1.3.jar" />
    <property name="os.name" value="Linux" />
    <property name="libs.jakartaee-web-api-9.0.javadoc" value="/snap/netbeans/50/netbeans/enterprise/docs/jakartaee9-doc-api.jar" />
    <property name="libs.javaee-endorsed-api-7.0.maven-pom" value="" />
    <property name="ap.proc.none.internal" value="" />
    <property name="libs.restapi.javadoc" value="" />
    <property name="libs.JWSAntTasks.maven-pom" value="" />
    <property name="libs.jstl.classpath" value="/snap/netbeans/50/netbeans/enterprise/modules/ext/jstl-impl.jar:/snap/netbeans/50/netbeans/enterprise/modules/ext/jstl-api.jar" />
    <property name="libs.testng.src" value="" />
    <property name="libs.spring-webmvc3.0.src" value="" />
    <property name="libs.restapi.classpath" value="/snap/netbeans/50/netbeans/enterprise/modules/ext/jaxrs-2.1/jakarta.ws.rs-api-2.1.6.jar" />
    <property name="java.vendor.url.bug" value="http://bugreport.sun.com/bugreport/" />
    <property name="libs.jaxb.maven-pom" value="" />
    <property name="os.arch" value="amd64" />
    <property name="libs.eclipselink.src" value="" />
    <property name="user.name" value="milesmilos" />
    <property name="libs.jsf12.javadoc" value="/snap/netbeans/50/netbeans/enterprise/docs/javaee-doc-api.jar" />
    <property name="copylibs.rebase" value="true" />
    <property name="libs.spring-webmvc5.0.javadoc" value="" />
    <property name="libs.spring-framework500.classpath" value="/snap/netbeans/50/netbeans/platform/modules/org-apache-commons-logging.jar:/snap/netbeans/50/netbeans/java/modules/ext/cglib-2.2.jar:/snap/netbeans/50/netbeans/java/modules/ext/spring-5/spring-aop-5.2.9.RELEASE.jar:/snap/netbeans/50/netbeans/java/modules/ext/spring-5/spring-aspects-5.2.9.RELEASE.jar:/snap/netbeans/50/netbeans/java/modules/ext/spring-5/spring-beans-5.2.9.RELEASE.jar:/snap/netbeans/50/netbeans/java/modules/ext/spring-5/spring-context-5.2.9.RELEASE.jar:/snap/netbeans/50/netbeans/java/modules/ext/spring-5/spring-context-indexer-5.2.9.RELEASE.jar:/snap/netbeans/50/netbeans/java/modules/ext/spring-5/spring-context-support-5.2.9.RELEASE.jar:/snap/netbeans/50/netbeans/java/modules/ext/spring-5/spring-core-5.2.9.RELEASE.jar:/snap/netbeans/50/netbeans/java/modules/ext/spring-5/spring-expression-5.2.9.RELEASE.jar:/snap/netbeans/50/netbeans/java/modules/ext/spring-5/spring-instrument-5.2.9.RELEASE.jar:/snap/netbeans/50/netbeans/java/modules/ext/spring-5/spring-jcl-5.2.9.RELEASE.jar:/snap/netbeans/50/netbeans/java/modules/ext/spring-5/spring-jdbc-5.2.9.RELEASE.jar:/snap/netbeans/50/netbeans/java/modules/ext/spring-5/spring-jms-5.2.9.RELEASE.jar:/snap/netbeans/50/netbeans/java/modules/ext/spring-5/spring-messaging-5.2.9.RELEASE.jar:/snap/netbeans/50/netbeans/java/modules/ext/spring-5/spring-orm-5.2.9.RELEASE.jar:/snap/netbeans/50/netbeans/java/modules/ext/spring-5/spring-oxm-5.2.9.RELEASE.jar:/snap/netbeans/50/netbeans/java/modules/ext/spring-5/spring-test-5.2.9.RELEASE.jar:/snap/netbeans/50/netbeans/java/modules/ext/spring-5/spring-tx-5.2.9.RELEASE.jar:/snap/netbeans/50/netbeans/java/modules/ext/spring-5/spring-web-5.2.9.RELEASE.jar:/snap/netbeans/50/netbeans/java/modules/ext/spring-5/spring-webflux-5.2.9.RELEASE.jar:/snap/netbeans/50/netbeans/java/modules/ext/spring-5/spring-webmvc-5.2.9.RELEASE.jar:/snap/netbeans/50/netbeans/java/modules/ext/spring-5/spring-websocket-5.2.9.RELEASE.jar" />
    <property name="libs.spring-webmvc3.0.maven-pom" value="" />
    <property name="sun.java.command" value="org.apache.tools.ant.taskdefs.optional.junit.JUnitTestRunner javaapplication1.JavaApplication1Test skipNonTests=false filtertrace=true haltOnError=false haltOnFailure=false showoutput=true outputtoformatters=true logfailedtests=true threadid=0 logtestlistenerevents=false formatter=org.apache.tools.ant.taskdefs.optional.junit.BriefJUnitResultFormatter formatter=org.apache.tools.ant.taskdefs.optional.junit.XMLJUnitResultFormatter,/home/milesmilos/Documents/courses/SE330/Hello1/JavaApplication1/build/test/results/TEST-javaapplication1.JavaApplication1Test.xml crashfile=/home/milesmilos/Documents/courses/SE330/Hello1/JavaApplication1/build/junitvmwatcher3198509946179878247.properties propsfile=/home/milesmilos/Documents/courses/SE330/Hello1/JavaApplication1/build/junit3780593616791908112.properties" />
    <property name="build.classes.dir" value="build/classes" />
    <property name="build.sysclasspath" value="ignore" />
    <property name="manifest.encoding" value="UTF-8" />
    <property name="ap.supported.internal" value="true" />
    <property name="java.failonerror" value="true" />
    <property name="libs.javaee-api-8.0.maven-pom" value="" />
    <property name="run.modulepath" value="" />
    <property name="libs.javaee-endorsed-api-7.0.javadoc" value="/snap/netbeans/50/netbeans/enterprise/docs/javaee-doc-api.jar" />
    <property name="libs.jaxws21.javadoc" value="/snap/netbeans/50/netbeans/java/docs/jaxws-api-doc.zip" />
    <property name="libs.spring-webmvc4.0.javadoc" value="" />
    <property name="includes" value="**" />
    <property name="user.country" value="US" />
    <property name="manifest.file" value="manifest.mf" />
    <property name="javadoc.encoding" value="UTF-8" />
    <property name="javac.classpath" value="/home/milesmilos/Downloads/json-simple-1.1.1.jar" />
    <property name="libs.jsp-compilation-syscp.src" value="" />
    <property name="platforms.JDK_8.bootclasspath" value="/usr/lib/jvm/java-8-openjdk-amd64/jre/lib/resources.jar:/usr/lib/jvm/java-8-openjdk-amd64/jre/lib/rt.jar:/usr/lib/jvm/java-8-openjdk-amd64/jre/lib/sunrsasign.jar:/usr/lib/jvm/java-8-openjdk-amd64/jre/lib/jsse.jar:/usr/lib/jvm/java-8-openjdk-amd64/jre/lib/jce.jar:/usr/lib/jvm/java-8-openjdk-amd64/jre/lib/charsets.jar:/usr/lib/jvm/java-8-openjdk-amd64/jre/lib/jfr.jar:/usr/lib/jvm/java-8-openjdk-amd64/jre/classes:/usr/lib/jvm/java-8-openjdk-amd64/jre/lib/ext/localedata.jar:/usr/lib/jvm/java-8-openjdk-amd64/jre/lib/ext/sunjce_provider.jar:/usr/lib/jvm/java-8-openjdk-amd64/jre/lib/ext/sunpkcs11.jar:/usr/lib/jvm/java-8-openjdk-amd64/jre/lib/ext/zipfs.jar:/usr/lib/jvm/java-8-openjdk-amd64/jre/lib/ext/nashorn.jar:/usr/lib/jvm/java-8-openjdk-amd64/jre/lib/ext/cldrdata.jar:/usr/lib/jvm/java-8-openjdk-amd64/jre/lib/ext/java-atk-wrapper.jar:/usr/lib/jvm/java-8-openjdk-amd64/jre/lib/ext/dnsns.jar:/usr/lib/jvm/java-8-openjdk-amd64/jre/lib/ext/jaccess.jar:/usr/lib/jvm/java-8-openjdk-amd64/jre/lib/ext/sunec.jar:/usr/lib/jvm/java-8-openjdk-amd64/jre/lib/ext/icedtea-sound.jar" />
    <property name="libs.spring-framework400.classpath" value="/snap/netbeans/50/netbeans/platform/modules/org-apache-commons-logging.jar:/snap/netbeans/50/netbeans/java/modules/ext/cglib-2.2.jar:/snap/netbeans/50/netbeans/java/modules/ext/spring-4/spring-aop-4.3.29.RELEASE.jar:/snap/netbeans/50/netbeans/java/modules/ext/spring-4/spring-aspects-4.3.29.RELEASE.jar:/snap/netbeans/50/netbeans/java/modules/ext/spring-4/spring-beans-4.3.29.RELEASE.jar:/snap/netbeans/50/netbeans/java/modules/ext/spring-4/spring-context-4.3.29.RELEASE.jar:/snap/netbeans/50/netbeans/java/modules/ext/spring-4/spring-context-support-4.3.29.RELEASE.jar:/snap/netbeans/50/netbeans/java/modules/ext/spring-4/spring-core-4.3.29.RELEASE.jar:/snap/netbeans/50/netbeans/java/modules/ext/spring-4/spring-expression-4.3.29.RELEASE.jar:/snap/netbeans/50/netbeans/java/modules/ext/spring-4/spring-instrument-4.3.29.RELEASE.jar:/snap/netbeans/50/netbeans/java/modules/ext/spring-4/spring-instrument-tomcat-4.3.29.RELEASE.jar:/snap/netbeans/50/netbeans/java/modules/ext/spring-4/spring-jdbc-4.3.29.RELEASE.jar:/snap/netbeans/50/netbeans/java/modules/ext/spring-4/spring-jms-4.3.29.RELEASE.jar:/snap/netbeans/50/netbeans/java/modules/ext/spring-4/spring-messaging-4.3.29.RELEASE.jar:/snap/netbeans/50/netbeans/java/modules/ext/spring-4/spring-orm-4.3.29.RELEASE.jar:/snap/netbeans/50/netbeans/java/modules/ext/spring-4/spring-oxm-4.3.29.RELEASE.jar:/snap/netbeans/50/netbeans/java/modules/ext/spring-4/spring-test-4.3.29.RELEASE.jar:/snap/netbeans/50/netbeans/java/modules/ext/spring-4/spring-tx-4.3.29.RELEASE.jar:/snap/netbeans/50/netbeans/java/modules/ext/spring-4/spring-web-4.3.29.RELEASE.jar:/snap/netbeans/50/netbeans/java/modules/ext/spring-4/spring-webmvc-4.3.29.RELEASE.jar:/snap/netbeans/50/netbeans/java/modules/ext/spring-4/spring-webmvc-portlet-4.3.29.RELEASE.jar:/snap/netbeans/50/netbeans/java/modules/ext/spring-4/spring-websocket-4.3.29.RELEASE.jar" />
    <property name="debug-transport" value="dt_socket" />
    <property name="libs.javaee-web-api-6.0.src" value="" />
    <property name="libs.jsp-compilation-syscp.classpath" value="/snap/netbeans/50/netbeans/extide/ant/lib/ant.jar:/snap/netbeans/50/netbeans/enterprise/modules/ext/servlet3.1-jsp2.3-api.jar:/snap/netbeans/50/netbeans/enterprise/modules/ext/glassfish-jspparser-4.0.jar:/snap/netbeans/50/netbeans/enterprise/modules/ext/jstl-impl.jar:/snap/netbeans/50/netbeans/enterprise/modules/ext/jsf-2_2/javax.faces.jar" />
    <property name="javac.modulepath" value="" />
    <property name="java.endorsed.dirs" value="/opt/java/jdk1.8.0_231/jre/lib/endorsed" />
    <property name="libs.groovy-all.src" value="" />
    <property name="libs.junit_5.src" value="/snap/netbeans/50/netbeans/platform/docs/junit-jupiter-api-5.6.0-sources.jar:/snap/netbeans/50/netbeans/platform/docs/junit-jupiter-params-5.6.0-sources.jar:/snap/netbeans/50/netbeans/platform/docs/junit-jupiter-engine-5.6.0-sources.jar" />
    <property name="libs.jakartaee-api-8.0.classpath" value="/snap/netbeans/50/netbeans/enterprise/modules/ext/jakarta.jakartaee-api-8.0.0.jar" />
    <property name="java.vm.specification.version" value="1.8" />
    <property name="libs.primefaces.classpath" value="/snap/netbeans/50/netbeans/enterprise/modules/ext/primefaces/primefaces-5.0.jar" />
    <property name="libs.javaee-api-6.0.classpath" value="/snap/netbeans/50/netbeans/enterprise/modules/ext/javaee-api-6.0.jar" />
    <property name="libs.groovy-all.maven-pom" value="" />
    <property name="libs.jaxws21.src" value="" />
    <property name="do.archive" value="true" />
    <property name="file.reference.json-simple-1.1.1.jar" value="/home/milesmilos/Downloads/json-simple-1.1.1.jar" />
    <property name="libs.spring-webmvc5.0.classpath" value="/snap/netbeans/50/netbeans/java/modules/ext/spring-5/spring-webmvc-5.2.9.RELEASE.jar" />
    <property name="java.vendor" value="Oracle Corporation" />
    <property name="libs.javaee-api-6.0.javadoc" value="/snap/netbeans/50/netbeans/enterprise/docs/javaee-doc-api.jar" />
    <property name="jar.index.metainf" value="false" />
    <property name="platforms.JDK_8.home" value="/usr/lib/jvm/java-8-openjdk-amd64" />
    <property name="javac.debug" value="true" />
    <property name="javadoc.splitindex" value="true" />
    <property name="file.separator" value="/" />
    <property name="libs.junit_4.maven-pom" value="" />
    <property name="mkdist.disabled" value="false" />
    <property name="javac.test.processorpath" value="/home/milesmilos/Downloads/json-simple-1.1.1.jar:build/classes:/snap/netbeans/50/netbeans/platform/modules/ext/hamcrest-core-1.3.jar:/snap/netbeans/50/netbeans/platform/modules/ext/junit-4.13.2.jar" />
    <property name="libs.JWSAntTasks.javadoc" value="" />
    <property name="build.generated.sources.dir" value="build/generated-sources" />
    <property name="libs.eclipselinkmodelgen.classpath" value="/snap/netbeans/50/netbeans/java/modules/ext/eclipselink/org.eclipse.persistence.jpa.modelgen.processor-2.7.7.jar" />
    <property name="libs.javaee-endorsed-api-7.0.src" value="" />
    <property name="platforms.JDK_11.home" value="/usr/lib/jvm/java-11-openjdk-amd64" />
    <property name="sun.java.launcher" value="SUN_STANDARD" />
    <property name="libs.jaxb.javadoc" value="/snap/netbeans/50/netbeans/ide/docs/jaxb-api-doc.jar" />
    <property name="libs.struts.classpath" value="/snap/netbeans/50/netbeans/enterprise/modules/ext/struts/antlr-2.7.2.jar:/snap/netbeans/50/netbeans/enterprise/modules/ext/struts/bsf-2.3.0.jar:/snap/netbeans/50/netbeans/enterprise/modules/ext/struts/commons-beanutils-1.8.0.jar:/snap/netbeans/50/netbeans/enterprise/modules/ext/struts/commons-chain-1.2.jar:/snap/netbeans/50/netbeans/enterprise/modules/ext/struts/commons-digester-1.8.jar:/snap/netbeans/50/netbeans/enterprise/modules/ext/struts/commons-fileupload-1.1.1.jar:/snap/netbeans/50/netbeans/enterprise/modules/ext/struts/commons-io-1.1.jar:/snap/netbeans/50/netbeans/enterprise/modules/ext/struts/commons-logging-1.0.4.jar:/snap/netbeans/50/netbeans/enterprise/modules/ext/struts/commons-validator-1.3.1.jar:/snap/netbeans/50/netbeans/enterprise/modules/ext/struts/jstl-1.0.2.jar:/snap/netbeans/50/netbeans/enterprise/modules/ext/struts/oro-2.0.8.jar:/snap/netbeans/50/netbeans/enterprise/modules/ext/struts/standard-1.0.6.jar:/snap/netbeans/50/netbeans/enterprise/modules/ext/struts/struts-core-1.3.10.jar:/snap/netbeans/50/netbeans/enterprise/modules/ext/struts/struts-el-1.3.10.jar:/snap/netbeans/50/netbeans/enterprise/modules/ext/struts/struts-extras-1.3.10.jar:/snap/netbeans/50/netbeans/enterprise/modules/ext/struts/struts-faces-1.3.10.jar:/snap/netbeans/50/netbeans/enterprise/modules/ext/struts/struts-mailreader-dao-1.3.10.jar:/snap/netbeans/50/netbeans/enterprise/modules/ext/struts/struts-scripting-1.3.10.jar:/snap/netbeans/50/netbeans/enterprise/modules/ext/struts/struts-taglib-1.3.10.jar:/snap/netbeans/50/netbeans/enterprise/modules/ext/struts/struts-tiles-1.3.10.jar" />
    <property name="ant.home" value="/usr/share/ant" />
    <property name="libs.junit_4.src" value="/snap/netbeans/50/netbeans/platform/docs/junit-4.13.2-sources.jar" />
    <property name="libs.testng.classpath" value="/snap/netbeans/50/netbeans/platform/modules/ext/testng-6.14.3.jar:/snap/netbeans/50/netbeans/platform/modules/ext/jcommander-1.78.jar" />
    <property name="libs.absolutelayout.maven-pom" value="" />
    <property name="ant.java.version" value="1.8" />
    <property name="java.library.path" value="/usr/java/packages/lib/amd64:/usr/lib64:/lib64:/lib:/usr/lib" />
    <property name="javadoc.author" value="false" />
    <property name="libs.metro.maven-pom" value="" />
    <property name="libs.spring-framework400.src" value="" />
    <property name="libs.PostgreSQLDriver.src" value="" />
    <property name="libs.graaljs.javadoc" value="" />
    <property name="libs.jakartaee-web-api-9.0.maven-pom" value="" />
    <property name="libs.spring-framework500.javadoc" value="" />
    <property name="libs.graaljs.src" value="" />
    <property name="sun.arch.data.model" value="64" />
    <property name="basedir" value="/home/milesmilos/Documents/courses/SE330/Hello1/JavaApplication1" />
    <property name="libs.jpa20-persistence.maven-pom" value="" />
    <property name="jar.compress" value="false" />
    <property name="libs.javaee-web-api-7.0.classpath" value="/snap/netbeans/50/netbeans/enterprise/modules/ext/javaee-web-api-7.0.jar" />
    <property name="path.separator" value=":" />
    <property name="libs.javaee-web-api-6.0.javadoc" value="/snap/netbeans/50/netbeans/enterprise/docs/javaee-doc-api.jar" />
    <property name="sun.io.unicode.encoding" value="UnicodeLittle" />
    <property name="libs.jaxws21.classpath" value="/snap/netbeans/50/netbeans/ide/modules/ext/jaxb/jaxb-impl.jar:/snap/netbeans/50/netbeans/ide/modules/ext/jaxb/jaxb-xjc.jar:/snap/netbeans/50/netbeans/java/modules/ext/jaxws22/FastInfoset.jar:/snap/netbeans/50/netbeans/java/modules/ext/jaxws22/gmbal-api-only.jar:/snap/netbeans/50/netbeans/java/modules/ext/jaxws22/ha-api.jar:/snap/netbeans/50/netbeans/java/modules/ext/jaxws22/javax.mail_1.4.jar:/snap/netbeans/50/netbeans/java/modules/ext/jaxws22/jaxws-rt.jar:/snap/netbeans/50/netbeans/java/modules/ext/jaxws22/jaxws-tools.jar:/snap/netbeans/50/netbeans/java/modules/ext/jaxws22/management-api.jar:/snap/netbeans/50/netbeans/java/modules/ext/jaxws22/mimepull.jar:/snap/netbeans/50/netbeans/java/modules/ext/jaxws22/policy.jar:/snap/netbeans/50/netbeans/java/modules/ext/jaxws22/saaj-impl.jar:/snap/netbeans/50/netbeans/java/modules/ext/jaxws22/stax-ex.jar:/snap/netbeans/50/netbeans/java/modules/ext/jaxws22/stax2-api.jar:/snap/netbeans/50/netbeans/java/modules/ext/jaxws22/streambuffer.jar:/snap/netbeans/50/netbeans/java/modules/ext/jaxws22/woodstox-core-asl.jar:/snap/netbeans/50/netbeans/java/modules/ext/jaxws22/api/jaxws-api.jar:/snap/netbeans/50/netbeans/java/modules/ext/jaxws22/api/jsr181-api.jar:/snap/netbeans/50/netbeans/java/modules/ext/jaxws22/api/javax.annotation.jar:/snap/netbeans/50/netbeans/java/modules/ext/jaxws22/api/saaj-api.jar:/snap/netbeans/50/netbeans/ide/modules/ext/jaxb/activation.jar:/snap/netbeans/50/netbeans/ide/modules/ext/jaxb/api/jaxb-api.jar" />
    <property name="dist.jlink.output" value="dist/jlink/JavaApplication1" />
    <property name="libs.struts.src" value="" />
    <property name="compile.on.save" value="true" />
    <property name="user.language" value="en" />
    <property name="testng.mode" value="testng" />
    <property name="libs.JAXB-ENDORSED.maven-pom" value="" />
    <property name="libs.eclipselink.maven-pom" value="" />
    <property name="test.binaryincludes" value="&lt;nothing&gt;" />
    <property name="manifest.available" value="true" />
    <property name="libs.primefaces.javadoc" value="" />
    <property name="libs.spring-framework300.maven-pom" value="" />
    <property name="run.test.classpath" value="/home/milesmilos/Downloads/json-simple-1.1.1.jar:build/classes:/snap/netbeans/50/netbeans/platform/modules/ext/hamcrest-core-1.3.jar:/snap/netbeans/50/netbeans/platform/modules/ext/junit-4.13.2.jar:build/test/classes" />
    <property name="ant.project.invoked-targets" value="test" />
    <property name="test.binaryexcludes" value="" />
    <property name="libs.PostgreSQLDriver.maven-pom" value="" />
    <property name="java.class.version" value="52.0" />
    <property name="libs.javaee-endorsed-api-6.0.src" value="" />
    <property name="libs.eclipselink.javadoc" value="/snap/netbeans/50/netbeans/java/modules/ext/docs/javax.persistence-2.2.1-doc.zip" />
    <property name="libs.jsp-compilation.maven-pom" value="" />
    <property name="user.properties.file" value="/home/milesmilos/snap/netbeans/50/build.properties" />
    <property name="runtime.encoding" value="UTF-8" />
    <property name="file.encoding.pkg" value="sun.io" />
    <property name="sun.cpu.endian" value="little" />
    <property name="libs.JAXB-ENDORSED.javadoc" value="" />
    <property name="libs.JWSAntTasks.classpath" value="/snap/netbeans/50/netbeans/java/ant/extra/org-netbeans-modules-javawebstart-anttasks.jar" />
    <property name="libs.spring-webmvc4.0.maven-pom" value="" />
    <property name="libs.spring-framework300.src" value="" />
    <property name="libs.jstl.src" value="" />
    <property name="empty.dir" value="/home/milesmilos/Documents/courses/SE330/Hello1/JavaApplication1/build/empty" />
    <property name="test.binarytestincludes" value="" />
    <property name="javadoc.preview" value="true" />
    <property name="libs.jpa20-persistence.javadoc" value="/snap/netbeans/50/netbeans/java/modules/ext/docs/javax.persistence-2.2.1-doc.zip" />
    <property name="java.home" value="/opt/java/jdk1.8.0_231/jre" />
    <property name="libs.jsp-compilation.src" value="" />
    <property name="libs.jakartaee-web-api-8.0.javadoc" value="/snap/netbeans/50/netbeans/enterprise/docs/jakartaee8-doc-api.jar" />
    <property name="debug.test.classpath" value="/home/milesmilos/Downloads/json-simple-1.1.1.jar:build/classes:/snap/netbeans/50/netbeans/platform/modules/ext/hamcrest-core-1.3.jar:/snap/netbeans/50/netbeans/platform/modules/ext/junit-4.13.2.jar:build/test/classes" />
    <property name="libs.javaee-endorsed-api-6.0.classpath" value="/snap/netbeans/50/netbeans/enterprise/modules/ext/javaee6-endorsed/javax.annotation.jar:/snap/netbeans/50/netbeans/enterprise/modules/ext/javaee6-endorsed/jaxb-api-osgi.jar:/snap/netbeans/50/netbeans/enterprise/modules/ext/javaee6-endorsed/webservices-api-osgi.jar" />
    <property name="libs.javaee-api-6.0.src" value="" />
    <property name="ant.project.default-target" value="default" />
    <property name="annotation.processing.run.all.processors" value="true" />
    <property name="ant.file.type.JavaApplication1-impl" value="file" />
    <property name="libs.PostgreSQLDriver.javadoc" value="" />
    <property name="libs.restlib.classpath" value="/snap/netbeans/50/netbeans/enterprise/modules/ext/jersey2/ext/jakarta.annotation-api-1.3.5.jar:/snap/netbeans/50/netbeans/enterprise/modules/ext/jersey2/ext/jakarta.persistence-api-2.2.3.jar:/snap/netbeans/50/netbeans/enterprise/modules/ext/jersey2/ext/jakarta.servlet-api-4.0.4.jar:/snap/netbeans/50/netbeans/enterprise/modules/ext/jersey2/ext/jakarta.validation-api-2.0.2.jar:/snap/netbeans/50/netbeans/enterprise/modules/ext/jersey2/ext/jakarta.xml.bind-api-2.3.3.jar:/snap/netbeans/50/netbeans/enterprise/modules/ext/jersey2/jersey-client.jar:/snap/netbeans/50/netbeans/enterprise/modules/ext/jersey2/jersey-common.jar:/snap/netbeans/50/netbeans/enterprise/modules/ext/jersey2/jersey-server.jar:/snap/netbeans/50/netbeans/enterprise/modules/ext/jersey2/ext/jersey-entity-filtering-2.34.jar:/snap/netbeans/50/netbeans/enterprise/modules/ext/jersey2/ext/jersey-hk2-2.34.jar:/snap/netbeans/50/netbeans/enterprise/modules/ext/jersey2/ext/jersey-media-moxy-2.34.jar:/snap/netbeans/50/netbeans/enterprise/modules/ext/jersey2/jersey-container-servlet.jar:/snap/netbeans/50/netbeans/enterprise/modules/ext/jersey2/jersey-container-servlet-core.jar:/snap/netbeans/50/netbeans/enterprise/modules/ext/jersey2/ext/hk2-api-2.6.1.jar:/snap/netbeans/50/netbeans/enterprise/modules/ext/jersey2/ext/hk2-locator-2.6.1.jar:/snap/netbeans/50/netbeans/enterprise/modules/ext/jersey2/ext/hk2-utils-2.6.1.jar:/snap/netbeans/50/netbeans/enterprise/modules/ext/jersey2/ext/jakarta.inject-2.6.1.jar:/snap/netbeans/50/netbeans/enterprise/modules/ext/jersey2/ext/aopalliance-repackaged-2.6.1.jar:/snap/netbeans/50/netbeans/enterprise/modules/ext/jersey2/ext/osgi.core-8.0.0.jar:/snap/netbeans/50/netbeans/enterprise/modules/ext/jersey2/ext/osgi-resource-locator-1.0.3.jar:/snap/netbeans/50/netbeans/java/modules/ext/eclipselink/org.eclipse.persistence.core-2.7.7.jar:/snap/netbeans/50/netbeans/java/modules/ext/eclipselink/org.eclipse.persistence.asm-2.7.7.jar:/snap/netbeans/50/netbeans/java/modules/ext/eclipselink/org.eclipse.persistence.antlr-2.7.7.jar:/snap/netbeans/50/netbeans/java/modules/ext/eclipselink/org.eclipse.persistence.jpa-2.7.7.jar:/snap/netbeans/50/netbeans/java/modules/ext/eclipselink/org.eclipse.persistence.jpa.jpql-2.7.7.jar:/snap/netbeans/50/netbeans/java/modules/ext/eclipselink/org.eclipse.persistence.moxy-2.7.7.jar" />
    <property name="libs.jakartaee-api-9.0.classpath" value="/snap/netbeans/50/netbeans/enterprise/modules/ext/jakarta.jakartaee-api-9.0.0.jar" />
    <property name="libs.junit_4.javadoc" value="/snap/netbeans/50/netbeans/platform/docs/junit-4.13.2-javadoc.jar" />
    <property name="javac.test.modulepath" value="" />
    <property name="libs.javaee-web-api-6.0.maven-pom" value="" />
    <property name="run.classpath" value="/home/milesmilos/Downloads/json-simple-1.1.1.jar:build/classes" />
    <property name="libs.javaee-endorsed-api-6.0.javadoc" value="/snap/netbeans/50/netbeans/enterprise/docs/javaee-doc-api.jar" />
    <property name="libs.javaee-api-7.0.classpath" value="/snap/netbeans/50/netbeans/enterprise/modules/ext/javaee-api-7.0.jar" />
    <property name="libs.jakartaee-api-9.0.src" value="" />
    <property name="libs.spring-webmvc3.0.javadoc" value="" />
    <property name="annotation.processing.enabled.in.editor" value="false" />
    <property name="libs.restapi.src" value="" />
    <property name="sun.management.compiler" value="HotSpot 64-Bit Tiered Compilers" />
    <property name="javac.deprecation" value="false" />
    <property name="javadoc.use" value="true" />
    <property name="libs.jsp-compiler.classpath" value="/snap/netbeans/50/netbeans/enterprise/ant/extra/jspcompile.jar" />
    <property name="javac.processorpath" value="/home/milesmilos/Downloads/json-simple-1.1.1.jar" />
    <property name="libs.hamcrest.maven-pom" value="" />
    <property name="libs.junit_5.classpath" value="/snap/netbeans/50/netbeans/platform/modules/ext/junit-jupiter-api-5.6.0.jar:/snap/netbeans/50/netbeans/platform/modules/ext/junit-jupiter-params-5.6.0.jar:/snap/netbeans/50/netbeans/platform/modules/ext/junit-jupiter-engine-5.6.0.jar" />
    <property name="javac.compilerargs" value="" />
    <property name="ant.file" value="/home/milesmilos/Documents/courses/SE330/Hello1/JavaApplication1/build.xml" />
    <property name="libs.jsf12.classpath" value="/snap/netbeans/50/netbeans/enterprise/modules/ext/jsf-1_2/jsf-api.jar:/snap/netbeans/50/netbeans/enterprise/modules/ext/jsf-1_2/jsf-impl.jar" />
    <property name="libs.jstl.maven-pom" value="" />
    <property name="libs.restapi.maven-pom" value="" />
    <property name="java.vm.specification.vendor" value="Oracle Corporation" />
    <property name="java.vm.name" value="Java HotSpot(TM) 64-Bit Server VM" />
    <property name="javadoc.additionalparam" value="" />
    <property name="java.io.tmpdir" value="/tmp" />
    <property name="java.vendor.url" value="http://java.oracle.com/" />
    <property name="endorsed.classpath.cmd.line.arg" value="" />
    <property name="junit.available" value="true" />
    <property name="libs.javaee-web-api-8.0.classpath" value="/snap/netbeans/50/netbeans/enterprise/modules/ext/javaee-web-api-8.0.jar" />
    <property name="libs.jakartaee-api-9.0.javadoc" value="/snap/netbeans/50/netbeans/enterprise/docs/jakartaee9-doc-api.jar" />
    <property name="libs.jsp-compiler.src" value="" />
    <property name="libs.jakartaee-web-api-9.0.classpath" value="/snap/netbeans/50/netbeans/enterprise/modules/ext/jakarta.jakartaee-web-api-9.0.0.jar" />
    <property name="sun.boot.library.path" value="/opt/java/jdk1.8.0_231/jre/lib/amd64" />
    <property name="have.sources" value="true" />
    <property name="libs.graaljs.classpath" value="/snap/netbeans/50/netbeans/webcommon/modules/ext/js-20.3.0.jar:/snap/netbeans/50/netbeans/webcommon/modules/ext/js-launcher-20.3.0.jar:/snap/netbeans/50/netbeans/webcommon/modules/ext/regex-20.3.0.jar:/snap/netbeans/50/netbeans/webcommon/modules/ext/icu4j-67.1.jar:/snap/netbeans/50/netbeans/ide/modules/ext/graal-sdk-20.3.0.jar:/snap/netbeans/50/netbeans/ide/modules/ext/launcher-common-20.3.0.jar:/snap/netbeans/50/netbeans/ide/modules/ext/truffle-api-20.3.0.jar" />
    <property name="libs.hamcrest.javadoc" value="" />
    <property name="debug.classpath" value="/home/milesmilos/Downloads/json-simple-1.1.1.jar:build/classes" />
    <property name="javac.external.vm" value="true" />
    <property name="javadoc.private" value="false" />
    <property name="libs.jakartaee-api-8.0.src" value="" />
    <property name="test.src.dir" value="test" />
    <property name="libs.jakartaee-web-api-9.0.src" value="" />
    <property name="libs.jsf20.classpath" value="/snap/netbeans/50/netbeans/enterprise/modules/ext/jsf-2_2/javax.faces.jar" />
    <property name="ap.processors.internal" value="" />
    <property name="dist.jlink.dir" value="dist/jlink" />
    <property name="libs.javaee-api-8.0.javadoc" value="/snap/netbeans/50/netbeans/enterprise/docs/javaee-doc-api.jar" />
    <property name="meta.inf.dir" value="src/META-INF" />
    <property name="javadoc.encoding.used" value="UTF-8" />
    <property name="dist.jar" value="dist/JavaApplication1.jar" />
    <property name="libs.spring-framework400.maven-pom" value="" />
    <property name="java.runtime.name" value="Java(TM) SE Runtime Environment" />
    <property name="debug.test.modulepath" value="" />
    <property name="ant.project.name" value="JavaApplication1" />
    <property name="libs.spring-webmvc5.0.src" value="" />
    <property name="libs.jsp-compilation-syscp.maven-pom" value="" />
    <property name="sun.cpu.isalist" value="" />
    <property name="libs.jakartaee-web-api-8.0.classpath" value="/snap/netbeans/50/netbeans/enterprise/modules/ext/jakarta.jakartaee-web-api-8.0.0.jar" />
    <property name="libs.spring-framework400.javadoc" value="" />
    <property name="libs.CopyLibs.javadoc" value="" />
    <property name="libs.jakartaee-api-8.0.maven-pom" value="" />
    <property name="javadoc.html5" value="false" />
    <property name="user.home" value="/home/milesmilos" />
    <property name="annotation.processing.processors.list" value="" />
    <property name="libs.primefaces.maven-pom" value="" />
    <property name="libs.javaee-api-6.0.maven-pom" value="" />
    <property name="libs.JWSAntTasks.src" value="" />
    <property name="jar.index" value="false" />
    <property name="libs.CopyLibs.maven-pom" value="" />
    <property name="libs.spring-framework300.javadoc" value="" />
    <property name="libs.absolutelayout.javadoc" value="" />
    <property name="java.specification.name" value="Java Platform API Specification" />
    <property name="libs.spring-webmvc5.0.maven-pom" value="" />
    <property name="do.archive+main.class.available" value="true" />
    <property name="platforms.JDK_11.compiler" value="modern" />
    <property name="java.specification.vendor" value="Oracle Corporation" />
    <property name="java.version" value="1.8.0_231" />
    <property name="run.jvmargs.ide" value="" />
    <property name="javadoc.version" value="false" />
    <property name="javac.processormodulepath" value="" />
    <property name="platform.java" value="/opt/java/jdk1.8.0_231/jre/bin/java" />
    <property name="source.encoding" value="UTF-8" />
    <property name="ap.cmd.line.internal" value="" />
    <property name="libs.eclipselinkmodelgen.maven-pom" value="" />
    <property name="libs.jsp-compilation-syscp.javadoc" value="" />
    <property name="libs.javaee-web-api-8.0.src" value="" />
    <property name="libs.eclipselinkmodelgen.javadoc" value="" />
    <property name="libs.javaee-endorsed-api-7.0.classpath" value="/snap/netbeans/50/netbeans/enterprise/modules/ext/javaee7-endorsed/javax.annotation-api.jar:/snap/netbeans/50/netbeans/enterprise/modules/ext/javaee7-endorsed/javax.xml.soap-api.jar:/snap/netbeans/50/netbeans/enterprise/modules/ext/javaee7-endorsed/jaxb-api-osgi.jar:/snap/netbeans/50/netbeans/enterprise/modules/ext/javaee7-endorsed/jaxws-api.jar:/snap/netbeans/50/netbeans/enterprise/modules/ext/javaee7-endorsed/jsr181-api.jar" />
    <property name="libs.metro.javadoc" value="/snap/netbeans/50/netbeans/enterprise/docs/webservices-api-javadoc.jar:/snap/netbeans/50/netbeans/enterprise/docs/webservices-extra-javadoc.jar:/snap/netbeans/50/netbeans/enterprise/docs/webservices-extra-api-javadoc.jar:/snap/netbeans/50/netbeans/enterprise/docs/webservices-rt-javadoc.jar:/snap/netbeans/50/netbeans/enterprise/docs/webservices-tools-javadoc.jar" />
    <property name="libs.struts.maven-pom" value="" />
    <property name="annotation.processing.processor.options" value="" />
    <property name="libs.testng.maven-pom" value="" />
    <property name="libs.jaxb.src" value="" />
    <property name="work.dir" value="/home/milesmilos/Documents/courses/SE330/Hello1/JavaApplication1" />
    <property name="libs.jaxb.classpath" value="/snap/netbeans/50/netbeans/ide/modules/ext/jaxb/jaxb-impl.jar:/snap/netbeans/50/netbeans/ide/modules/ext/jaxb/jaxb-xjc.jar:/snap/netbeans/50/netbeans/ide/modules/ext/jaxb/activation.jar:/snap/netbeans/50/netbeans/ide/modules/ext/jaxb/api/jaxb-api.jar" />
    <property name="do.depend" value="false" />
    <property name="dist.javadoc.dir" value="dist/javadoc" />
    <property name="libs.spring-webmvc3.0.classpath" value="/snap/netbeans/50/netbeans/java/modules/ext/spring-3.0/spring-webmvc-3.2.18.RELEASE.jar" />
    <property name="libs.javaee-web-api-7.0.maven-pom" value="" />
    <property name="libs.restlib.src" value="" />
    <property name="build.generated.dir" value="build/generated" />
    <property name="javac.source" value="1.8" />
    <property name="libs.javaee-api-8.0.classpath" value="/snap/netbeans/50/netbeans/enterprise/modules/ext/javaee-api-8.0.jar" />
    <property name="line.separator" value="&#xa;" />
    <property name="java.specification.version" value="1.8" />
    <property name="libs.jaxws21.maven-pom" value="" />
    <property name="java.vm.info" value="mixed mode" />
    <property name="nb.junit.batch" value="true" />
    <property name="junit.forkmode" value="perTest" />
    <property name="sun.boot.class.path" value="/opt/java/jdk1.8.0_231/jre/lib/resources.jar:/opt/java/jdk1.8.0_231/jre/lib/rt.jar:/opt/java/jdk1.8.0_231/jre/lib/sunrsasign.jar:/opt/java/jdk1.8.0_231/jre/lib/jsse.jar:/opt/java/jdk1.8.0_231/jre/lib/jce.jar:/opt/java/jdk1.8.0_231/jre/lib/charsets.jar:/opt/java/jdk1.8.0_231/jre/lib/jfr.jar:/opt/java/jdk1.8.0_231/jre/classes" />
    <property name="javac.target" value="1.8" />
    <property name="built-jar.properties" value="/home/milesmilos/Documents/courses/SE330/Hello1/JavaApplication1/build/built-jar.properties" />
    <property name="build.test.classes.dir" value="build/test/classes" />
    <property name="src.dir" value="src" />
    <property name="javac.test.compilerargs" value="" />
    <property name="annotation.processing.enabled" value="true" />
    <property name="libs.jsf20.src" value="" />
    <property name="libs.jpa20-persistence.src" value="" />
    <property name="libs.jsf12.src" value="" />
    <property name="libs.struts.javadoc" value="/snap/netbeans/50/netbeans/enterprise/docs/struts-1.3.10-javadoc.zip" />
    <property name="libs.javaee-web-api-7.0.src" value="" />
    <property name="libs.primefaces.src" value="" />
    <property name="dist.dir" value="dist" />
    <property name="libs.groovy-all.javadoc" value="" />
    <property name="jlink.launcher" value="true" />
    <property name="testng.debug.mode" value="" />
    <property name="libs.groovy-all.classpath" value="/snap/netbeans/50/netbeans/groovy/modules/ext/groovy-3.0.8.jar:/snap/netbeans/50/netbeans/groovy/modules/ext/groovy-ant-3.0.8.jar" />
    <property name="javac.fork" value="true" />
    <property name="jlink.additionalparam" value="" />
    <property name="java.awt.printerjob" value="sun.print.PSPrinterJob" />
    <property name="default.javac.source" value="1.8" />
    <property name="debug-transport-by-os" value="dt_socket" />
    <property name="sun.jnu.encoding" value="UTF-8" />
    <property name="run.test.jvmargs" value="" />
    <property name="build.test.results.dir" value="build/test/results" />
    <property name="java.runtime.version" value="1.8.0_231-b11" />
    <property name="default.javac.target" value="1.8" />
    <property name="libs.junit_4.classpath" value="/snap/netbeans/50/netbeans/platform/modules/ext/junit-4.13.2.jar" />
    <property name="user.timezone" value="" />
    <property name="nb.junit.single" value="false" />
    <property name="libs.javaee-endorsed-api-6.0.maven-pom" value="" />
    <property name="ant.file.type.JavaApplication1" value="file" />
    <property name="libs.spring-framework500.maven-pom" value="" />
    <property name="libs.jsf20.javadoc" value="/snap/netbeans/50/netbeans/enterprise/docs/javaee-doc-api.jar" />
    <property name="libs.jstl.javadoc" value="/snap/netbeans/50/netbeans/enterprise/docs/javaee-doc-api.jar" />
    <property name="java.ext.dirs" value="/opt/java/jdk1.8.0_231/jre/lib/ext:/usr/java/packages/lib/ext" />
    <property name="libs.metro.src" value="" />
    <property name="libs.absolutelayout.classpath" value="/snap/netbeans/50/netbeans/java/modules/ext/AbsoluteLayout.jar" />
    <property name="excludes" value="" />
    <property name="libs.metro.classpath" value="/snap/netbeans/50/netbeans/ide/modules/ext/jaxb/activation.jar:/snap/netbeans/50/netbeans/enterprise/modules/ext/metro/webservices-api.jar:/snap/netbeans/50/netbeans/enterprise/modules/ext/metro/webservices-extra-api.jar:/snap/netbeans/50/netbeans/enterprise/modules/ext/metro/webservices-extra.jar:/snap/netbeans/50/netbeans/enterprise/modules/ext/metro/webservices-rt.jar:/snap/netbeans/50/netbeans/enterprise/modules/ext/metro/webservices-tools.jar" />
    <property name="libs.restlib.maven-pom" value="" />
    <property name="java.class.path" value="/home/milesmilos/Downloads/json-simple-1.1.1.jar:/home/milesmilos/Documents/courses/SE330/Hello1/JavaApplication1/build/classes:/snap/netbeans/50/netbeans/platform/modules/ext/hamcrest-core-1.3.jar:/snap/netbeans/50/netbeans/platform/modules/ext/junit-4.13.2.jar:/home/milesmilos/Documents/courses/SE330/Hello1/JavaApplication1/build/test/classes:/usr/share/java/ant-launcher-1.10.5.jar:/usr/share/ant/lib/ant.jar:/usr/share/ant/lib/ant-junit.jar:/usr/share/ant/lib/ant-junit4.jar" />
    <property name="libs.absolutelayout.src" value="" />
    <property name="libs.jakartaee-api-9.0.maven-pom" value="" />
    <property name="libs.jpa20-persistence.classpath" value="/snap/netbeans/50/netbeans/java/modules/ext/eclipselink/javax.persistence-2.2.1.jar" />
    <property name="libs.junit_5.javadoc" value="/snap/netbeans/50/netbeans/platform/docs/junit-jupiter-api-5.6.0-javadoc.jar:/snap/netbeans/50/netbeans/platform/docs/junit-jupiter-params-5.6.0-javadoc.jar:/snap/netbeans/50/netbeans/platform/docs/junit-jupiter-engine-5.6.0-javadoc.jar" />
    <property name="libs.spring-framework500.src" value="" />
    <property name="os.version" value="4.15.0-159-generic" />
    <property name="application.args" value="" />
    <property name="libs.jakartaee-api-8.0.javadoc" value="/snap/netbeans/50/netbeans/enterprise/docs/jakartaee8-doc-api.jar" />
    <property name="libs.javaee-api-7.0.maven-pom" value="" />
    <property name="main.class.available" value="true" />
    <property name="sun.desktop" value="gnome" />
    <property name="jlink.launcher.name" value="JavaApplication1" />
    <property name="libs.restlib.javadoc" value="" />
    <property name="libs.JAXB-ENDORSED.classpath" value="/snap/netbeans/50/netbeans/ide/modules/ext/jaxb/api/jaxb-api.jar" />
    <property name="run.test.modulepath" value="" />
    <property name="libs.javaee-api-7.0.javadoc" value="/snap/netbeans/50/netbeans/enterprise/docs/javaee-doc-api.jar" />
    <property name="libs.eclipselink.classpath" value="/snap/netbeans/50/netbeans/java/modules/ext/eclipselink/org.eclipse.persistence.core-2.7.7.jar:/snap/netbeans/50/netbeans/java/modules/ext/eclipselink/org.eclipse.persistence.asm-2.7.7.jar:/snap/netbeans/50/netbeans/java/modules/ext/eclipselink/org.eclipse.persistence.antlr-2.7.7.jar:/snap/netbeans/50/netbeans/java/modules/ext/eclipselink/org.eclipse.persistence.jpa-2.7.7.jar:/snap/netbeans/50/netbeans/java/modules/ext/eclipselink/org.eclipse.persistence.jpa.jpql-2.7.7.jar:/snap/netbeans/50/netbeans/java/modules/ext/eclipselink/org.eclipse.persistence.moxy-2.7.7.jar:/snap/netbeans/50/netbeans/java/modules/ext/eclipselink/javax.persistence-2.2.1.jar" />
    <property name="java.awt.graphicsenv" value="sun.awt.X11GraphicsEnvironment" />
    <property name="java.vm.vendor" value="Oracle Corporation" />
    <property name="libs.CopyLibs.classpath" value="/snap/netbeans/50/netbeans/java/ant/extra/org-netbeans-modules-java-j2seproject-copylibstask.jar" />
    <property name="libs.javaee-api-8.0.src" value="" />
    <property name="libs.spring-framework300.classpath" value="/snap/netbeans/50/netbeans/platform/modules/org-apache-commons-logging.jar:/snap/netbeans/50/netbeans/java/modules/ext/cglib-2.2.jar:/snap/netbeans/50/netbeans/java/modules/ext/spring-3.0/spring-aop-3.2.18.RELEASE.jar:/snap/netbeans/50/netbeans/java/modules/ext/spring-3.0/spring-aspects-3.2.18.RELEASE.jar:/snap/netbeans/50/netbeans/java/modules/ext/spring-3.0/spring-beans-3.2.18.RELEASE.jar:/snap/netbeans/50/netbeans/java/modules/ext/spring-3.0/spring-context-3.2.18.RELEASE.jar:/snap/netbeans/50/netbeans/java/modules/ext/spring-3.0/spring-context-support-3.2.18.RELEASE.jar:/snap/netbeans/50/netbeans/java/modules/ext/spring-3.0/spring-core-3.2.18.RELEASE.jar:/snap/netbeans/50/netbeans/java/modules/ext/spring-3.0/spring-expression-3.2.18.RELEASE.jar:/snap/netbeans/50/netbeans/java/modules/ext/spring-3.0/spring-instrument-3.2.18.RELEASE.jar:/snap/netbeans/50/netbeans/java/modules/ext/spring-3.0/spring-instrument-tomcat-3.2.18.RELEASE.jar:/snap/netbeans/50/netbeans/java/modules/ext/spring-3.0/spring-jdbc-3.2.18.RELEASE.jar:/snap/netbeans/50/netbeans/java/modules/ext/spring-3.0/spring-jms-3.2.18.RELEASE.jar:/snap/netbeans/50/netbeans/java/modules/ext/spring-3.0/spring-orm-3.2.18.RELEASE.jar:/snap/netbeans/50/netbeans/java/modules/ext/spring-3.0/spring-oxm-3.2.18.RELEASE.jar:/snap/netbeans/50/netbeans/java/modules/ext/spring-3.0/spring-struts-3.2.18.RELEASE.jar:/snap/netbeans/50/netbeans/java/modules/ext/spring-3.0/spring-test-3.2.18.RELEASE.jar:/snap/netbeans/50/netbeans/java/modules/ext/spring-3.0/spring-tx-3.2.18.RELEASE.jar:/snap/netbeans/50/netbeans/java/modules/ext/spring-3.0/spring-web-3.2.18.RELEASE.jar:/snap/netbeans/50/netbeans/java/modules/ext/spring-3.0/spring-webmvc-3.2.18.RELEASE.jar:/snap/netbeans/50/netbeans/java/modules/ext/spring-3.0/spring-webmvc-portlet-3.2.18.RELEASE.jar" />
    <property name="libs.jsp-compiler.maven-pom" value="" />
    <property name="libs.junit_5.maven-pom" value="" />
    <property name="libs.hamcrest.src" value="" />
    <property name="run.jvmargs" value="" />
    <property name="platforms.JDK_11.bootclasspath" value="/usr/lib/jvm/java-11-openjdk-amd64/!/modules/java.base/:/usr/lib/jvm/java-11-openjdk-amd64/!/modules/java.compiler/:/usr/lib/jvm/java-11-openjdk-amd64/!/modules/java.datatransfer/:/usr/lib/jvm/java-11-openjdk-amd64/!/modules/java.desktop/:/usr/lib/jvm/java-11-openjdk-amd64/!/modules/java.instrument/:/usr/lib/jvm/java-11-openjdk-amd64/!/modules/java.logging/:/usr/lib/jvm/java-11-openjdk-amd64/!/modules/java.management/:/usr/lib/jvm/java-11-openjdk-amd64/!/modules/java.management.rmi/:/usr/lib/jvm/java-11-openjdk-amd64/!/modules/java.naming/:/usr/lib/jvm/java-11-openjdk-amd64/!/modules/java.net.http/:/usr/lib/jvm/java-11-openjdk-amd64/!/modules/java.prefs/:/usr/lib/jvm/java-11-openjdk-amd64/!/modules/java.rmi/:/usr/lib/jvm/java-11-openjdk-amd64/!/modules/java.scripting/:/usr/lib/jvm/java-11-openjdk-amd64/!/modules/java.se/:/usr/lib/jvm/java-11-openjdk-amd64/!/modules/java.security.jgss/:/usr/lib/jvm/java-11-openjdk-amd64/!/modules/java.security.sasl/:/usr/lib/jvm/java-11-openjdk-amd64/!/modules/java.smartcardio/:/usr/lib/jvm/java-11-openjdk-amd64/!/modules/java.sql/:/usr/lib/jvm/java-11-openjdk-amd64/!/modules/java.sql.rowset/:/usr/lib/jvm/java-11-openjdk-amd64/!/modules/java.transaction.xa/:/usr/lib/jvm/java-11-openjdk-amd64/!/modules/java.xml/:/usr/lib/jvm/java-11-openjdk-amd64/!/modules/java.xml.crypto/:/usr/lib/jvm/java-11-openjdk-amd64/!/modules/jdk.accessibility/:/usr/lib/jvm/java-11-openjdk-amd64/!/modules/jdk.aot/:/usr/lib/jvm/java-11-openjdk-amd64/!/modules/jdk.attach/:/usr/lib/jvm/java-11-openjdk-amd64/!/modules/jdk.charsets/:/usr/lib/jvm/java-11-openjdk-amd64/!/modules/jdk.compiler/:/usr/lib/jvm/java-11-openjdk-amd64/!/modules/jdk.crypto.cryptoki/:/usr/lib/jvm/java-11-openjdk-amd64/!/modules/jdk.crypto.ec/:/usr/lib/jvm/java-11-openjdk-amd64/!/modules/jdk.dynalink/:/usr/lib/jvm/java-11-openjdk-amd64/!/modules/jdk.editpad/:/usr/lib/jvm/java-11-openjdk-amd64/!/modules/jdk.hotspot.agent/:/usr/lib/jvm/java-11-openjdk-amd64/!/modules/jdk.httpserver/:/usr/lib/jvm/java-11-openjdk-amd64/!/modules/jdk.internal.ed/:/usr/lib/jvm/java-11-openjdk-amd64/!/modules/jdk.internal.jvmstat/:/usr/lib/jvm/java-11-openjdk-amd64/!/modules/jdk.internal.le/:/usr/lib/jvm/java-11-openjdk-amd64/!/modules/jdk.internal.opt/:/usr/lib/jvm/java-11-openjdk-amd64/!/modules/jdk.internal.vm.ci/:/usr/lib/jvm/java-11-openjdk-amd64/!/modules/jdk.internal.vm.compiler/:/usr/lib/jvm/java-11-openjdk-amd64/!/modules/jdk.internal.vm.compiler.management/:/usr/lib/jvm/java-11-openjdk-amd64/!/modules/jdk.jartool/:/usr/lib/jvm/java-11-openjdk-amd64/!/modules/jdk.javadoc/:/usr/lib/jvm/java-11-openjdk-amd64/!/modules/jdk.jcmd/:/usr/lib/jvm/java-11-openjdk-amd64/!/modules/jdk.jconsole/:/usr/lib/jvm/java-11-openjdk-amd64/!/modules/jdk.jdeps/:/usr/lib/jvm/java-11-openjdk-amd64/!/modules/jdk.jdi/:/usr/lib/jvm/java-11-openjdk-amd64/!/modules/jdk.jdwp.agent/:/usr/lib/jvm/java-11-openjdk-amd64/!/modules/jdk.jfr/:/usr/lib/jvm/java-11-openjdk-amd64/!/modules/jdk.jlink/:/usr/lib/jvm/java-11-openjdk-amd64/!/modules/jdk.jshell/:/usr/lib/jvm/java-11-openjdk-amd64/!/modules/jdk.jsobject/:/usr/lib/jvm/java-11-openjdk-amd64/!/modules/jdk.jstatd/:/usr/lib/jvm/java-11-openjdk-amd64/!/modules/jdk.localedata/:/usr/lib/jvm/java-11-openjdk-amd64/!/modules/jdk.management/:/usr/lib/jvm/java-11-openjdk-amd64/!/modules/jdk.management.agent/:/usr/lib/jvm/java-11-openjdk-amd64/!/modules/jdk.management.jfr/:/usr/lib/jvm/java-11-openjdk-amd64/!/modules/jdk.naming.dns/:/usr/lib/jvm/java-11-openjdk-amd64/!/modules/jdk.naming.ldap/:/usr/lib/jvm/java-11-openjdk-amd64/!/modules/jdk.naming.rmi/:/usr/lib/jvm/java-11-openjdk-amd64/!/modules/jdk.net/:/usr/lib/jvm/java-11-openjdk-amd64/!/modules/jdk.pack/:/usr/lib/jvm/java-11-openjdk-amd64/!/modules/jdk.rmic/:/usr/lib/jvm/java-11-openjdk-amd64/!/modules/jdk.scripting.nashorn/:/usr/lib/jvm/java-11-openjdk-amd64/!/modules/jdk.scripting.nashorn.shell/:/usr/lib/jvm/java-11-openjdk-amd64/!/modules/jdk.sctp/:/usr/lib/jvm/java-11-openjdk-amd64/!/modules/jdk.security.auth/:/usr/lib/jvm/java-11-openjdk-amd64/!/modules/jdk.security.jgss/:/usr/lib/jvm/java-11-openjdk-amd64/!/modules/jdk.unsupported/:/usr/lib/jvm/java-11-openjdk-amd64/!/modules/jdk.unsupported.desktop/:/usr/lib/jvm/java-11-openjdk-amd64/!/modules/jdk.xml.dom/:/usr/lib/jvm/java-11-openjdk-amd64/!/modules/jdk.zipfs/" />
    <property name="libs.JAXB-ENDORSED.src" value="" />
    <property name="dist.archive.excludes" value="" />
    <property name="libs.testng.javadoc" value="/snap/netbeans/50/netbeans/platform/docs/testng-6.13.1-javadoc.jar" />
    <property name="ant.file.type" value="file" />
    <property name="libs.PostgreSQLDriver.classpath" value="/snap/netbeans/50/netbeans/ide/modules/ext/postgresql-42.2.16.jar" />
    <property name="libs.jsf12.maven-pom" value="" />
    <property name="annotation.processing.source.output" value="build/generated-sources/ap-source-output" />
    <property name="main.class" value="javaapplication1.JavaApplication1" />
    <property name="libs.CopyLibs.src" value="" />
    <property name="build.dir" value="build" />
    <property name="libs.jsp-compilation.classpath" value="/snap/netbeans/50/netbeans/extide/ant/lib/ant.jar:/snap/netbeans/50/netbeans/enterprise/modules/ext/servlet3.1-jsp2.3-api.jar:/snap/netbeans/50/netbeans/enterprise/modules/ext/glassfish-jspparser-4.0.jar:/snap/netbeans/50/netbeans/enterprise/modules/ext/jsf-2_2/javax.faces.jar:/snap/netbeans/50/netbeans/enterprise/modules/ext/jstl-api.jar:/snap/netbeans/50/netbeans/extide/ant/lib/ant-launcher.jar" />
    <property name="libs.javaee-web-api-8.0.javadoc" value="/snap/netbeans/50/netbeans/enterprise/docs/javaee-doc-api.jar" />
    <property name="debug.modulepath" value="" />
    <property name="ant.version" value="Apache Ant(TM) version 1.10.5 compiled on March 28 2019" />
    <property name="file.encoding" value="UTF-8" />
    <property name="build.classes.excludes" value="**/*.java,**/*.form" />
    <property name="jdkBug6558476" value="false" />
    <property name="javadoc.nonavbar" value="false" />
    <property name="libs.spring-webmvc4.0.classpath" value="/snap/netbeans/50/netbeans/java/modules/ext/spring-4/spring-webmvc-4.3.29.RELEASE.jar" />
    <property name="platform.active" value="default_platform" />
    <property name="libs.javaee-web-api-8.0.maven-pom" value="" />
    <property name="awt.toolkit" value="sun.awt.X11.XToolkit" />
    <property name="libs.javaee-web-api-7.0.javadoc" value="/snap/netbeans/50/netbeans/enterprise/docs/javaee-doc-api.jar" />
  </properties>
  <testcase classname="javaapplication1.JavaApplication1Test" name="testAdd" time="0.001" />
  <testcase classname="javaapplication1.JavaApplication1Test" name="testSubtract" time="0.0" />
  <testcase classname="javaapplication1.JavaApplication1Test" name="testCube" time="0.0" />
  <testcase classname="javaapplication1.JavaApplication1Test" name="testSqrt" time="0.0" />
  <testcase classname="javaapplication1.JavaApplication1Test" name="testSquare" time="0.0" />
  <system-out><![CDATA[]]></system-out>
  <system-err><![CDATA[]]></system-err>
</testsuite>
